0 info it worked if it ends with ok
<<<<<<< HEAD
1 verbose cli [ 'node', '/usr/local/bin/npm', 'start' ]
2 info using npm@1.4.28
3 info using node@v0.10.33
=======
1 verbose cli [ '/usr/local/bin/node', '/usr/local/bin/npm', 'start' ]
2 info using npm@1.4.28
3 info using node@v0.13.0-pre
>>>>>>> 7af87933ffb5ddc01bd00918c49ff3ce4d195e1c
4 verbose run-script [ 'prestart', 'start', 'poststart' ]
5 info prestart stormpath-express-sample@0.0.1
6 info start stormpath-express-sample@0.0.1
7 verbose unsafe-perm in lifecycle true
8 info stormpath-express-sample@0.0.1 Failed to exec start script
9 error stormpath-express-sample@0.0.1 start: `node ./bin/www`
<<<<<<< HEAD
9 error Exit status 8
=======
9 error Exit status 1
>>>>>>> 7af87933ffb5ddc01bd00918c49ff3ce4d195e1c
10 error Failed at the stormpath-express-sample@0.0.1 start script.
10 error This is most likely a problem with the stormpath-express-sample package,
10 error not with npm itself.
10 error Tell the author that this fails on your system:
10 error     node ./bin/www
10 error You can get their info via:
10 error     npm owner ls stormpath-express-sample
10 error There is likely additional logging output above.
11 error System Darwin 13.3.0
<<<<<<< HEAD
12 error command "node" "/usr/local/bin/npm" "start"
13 error cwd /Users/JJ/git
14 error node -v v0.10.33
=======
12 error command "/usr/local/bin/node" "/usr/local/bin/npm" "start"
13 error cwd /Users/JJ/git/slidefish
14 error node -v v0.13.0-pre
>>>>>>> 7af87933ffb5ddc01bd00918c49ff3ce4d195e1c
15 error npm -v 1.4.28
16 error code ELIFECYCLE
17 verbose exit [ 1, true ]
